<?xml version="1.0" encoding="UTF-8"?>
<testng-results ignored="0" total="1" passed="1" failed="0" skipped="0">
  <reporter-output>
  </reporter-output>
  <suite started-at="2022-12-28T15:15:33 IST" name="Default suite" finished-at="2022-12-28T15:15:39 IST" duration-ms="6453">
    <groups>
    </groups>
    <test started-at="2022-12-28T15:15:33 IST" name="Default test" finished-at="2022-12-28T15:15:39 IST" duration-ms="6453">
      <class name="com.mcf.createapi.Create2">
        <test-method signature="CreateApis()[pri:0, instance:com.mcf.createapi.Create2@193f604a]" started-at="2022-12-28T15:15:33 IST" name="CreateApis" finished-at="2022-12-28T15:15:39 IST" duration-ms="6425" status="PASS">
          <reporter-output>
          </reporter-output>
        </test-method> <!-- CreateApis -->
      </class> <!-- com.mcf.createapi.Create2 -->
    </test> <!-- Default test -->
  </suite> <!-- Default suite -->
</testng-results>
